11:22:53:537  INFO 9596 --- [main] com.hmall.pay.PayApplication             : Starting PayApplication using Java 11.0.28 on LY with PID 9596 (D:\mycode\D3\hmall\pay-service\target\classes started by liuyang in D:\mycode\D3\hmall)
11:22:53:539 DEBUG 9596 --- [main] com.hmall.pay.PayApplication             : Running with Spring Boot v2.7.12, Spring v5.3.27
11:22:53:539  INFO 9596 --- [main] com.hmall.pay.PayApplication             : The following 1 profile is active: "local"
11:22:54:306  INFO 9596 --- [main] o.s.cloud.context.scope.GenericScope     : BeanFactory id=ca4b5a44-609c-39de-8d03-e088bf2e1329
11:22:54:641  INFO 9596 --- [main] o.s.b.w.embedded.tomcat.TomcatWebServer  : Tomcat initialized with port(s): 8086 (http)
11:22:54:642  INFO 9596 --- [main] o.a.catalina.core.AprLifecycleListener   : Loaded Apache Tomcat Native library [2.0.8] using APR version [1.7.4].
11:22:54:642  INFO 9596 --- [main] o.a.catalina.core.AprLifecycleListener   : APR capabilities: IPv6 [true], sendfile [true], accept filters [false], random [true], UDS [true].
11:22:54:642  INFO 9596 --- [main] o.a.catalina.core.AprLifecycleListener   : APR/OpenSSL configuration: useAprConnector [false], useOpenSSL [true]
11:22:54:660  INFO 9596 --- [main] o.a.catalina.core.AprLifecycleListener   : OpenSSL successfully initialized [OpenSSL 3.0.14 4 Jun 2024]
11:22:54:668  INFO 9596 --- [main] o.apache.catalina.core.StandardService   : Starting service [Tomcat]
11:22:54:668  INFO 9596 --- [main] org.apache.catalina.core.StandardEngine  : Starting Servlet engine: [Apache Tomcat/9.0.75]
11:22:54:824  INFO 9596 --- [main] o.a.c.c.C.[Tomcat].[localhost].[/]       : Initializing Spring embedded WebApplicationContext
11:22:54:824  INFO 9596 --- [main] w.s.c.ServletWebServerApplicationContext : Root WebApplicationContext: initialization completed in 1250 ms
11:22:54:977  INFO 9596 --- [main] o.s.c.openfeign.FeignClientFactoryBean   : For 'user-service' URL not provided. Will try picking an instance via load-balancing.
11:22:55:052  INFO 9596 --- [main] o.s.c.openfeign.FeignClientFactoryBean   : For 'trade-service' URL not provided. Will try picking an instance via load-balancing.
11:22:56:133  INFO 9596 --- [main] pertySourcedRequestMappingHandlerMapping : Mapped URL path [/v2/api-docs] onto method [springfox.documentation.swagger2.web.Swagger2ControllerWebMvc#getDocumentation(String, HttpServletRequest)]
11:22:56:449  INFO 9596 --- [main] com.alibaba.nacos.common.remote.client   : [RpcClientFactory] create a new rpc client of c4f32f1f-662f-4acd-9617-2e07d53bea6d
11:22:56:482  INFO 9596 --- [main] org.reflections.Reflections              : Reflections took 18 ms to scan 1 urls, producing 3 keys and 6 values 
11:22:56:501  INFO 9596 --- [main] org.reflections.Reflections              : Reflections took 6 ms to scan 1 urls, producing 4 keys and 9 values 
11:22:56:508  INFO 9596 --- [main] org.reflections.Reflections              : Reflections took 6 ms to scan 1 urls, producing 3 keys and 10 values 
11:22:56:509  WARN 9596 --- [main] org.reflections.Reflections              : given scan urls are empty. set urls in the configuration
11:22:56:515  INFO 9596 --- [main] org.reflections.Reflections              : Reflections took 5 ms to scan 1 urls, producing 1 keys and 5 values 
11:22:56:522  INFO 9596 --- [main] org.reflections.Reflections              : Reflections took 6 ms to scan 1 urls, producing 1 keys and 7 values 
11:22:56:529  INFO 9596 --- [main] org.reflections.Reflections              : Reflections took 5 ms to scan 1 urls, producing 2 keys and 8 values 
11:22:56:530  WARN 9596 --- [main] org.reflections.Reflections              : given scan urls are empty. set urls in the configuration
11:22:56:531  INFO 9596 --- [main] com.alibaba.nacos.common.remote.client   : [c4f32f1f-662f-4acd-9617-2e07d53bea6d] RpcClient init label, labels = {module=naming, source=sdk}
11:22:56:533  INFO 9596 --- [main] com.alibaba.nacos.common.remote.client   : [c4f32f1f-662f-4acd-9617-2e07d53bea6d] RpcClient init, ServerListFactory = com.alibaba.nacos.client.naming.core.ServerListManager
11:22:56:533  INFO 9596 --- [main] com.alibaba.nacos.common.remote.client   : [c4f32f1f-662f-4acd-9617-2e07d53bea6d] Registry connection listener to current client:com.alibaba.nacos.client.naming.remote.gprc.redo.NamingGrpcRedoService
11:22:56:533  INFO 9596 --- [main] com.alibaba.nacos.common.remote.client   : [c4f32f1f-662f-4acd-9617-2e07d53bea6d] Register server push request handler:com.alibaba.nacos.client.naming.remote.gprc.NamingPushRequestHandler
11:22:56:534  INFO 9596 --- [main] com.alibaba.nacos.common.remote.client   : [c4f32f1f-662f-4acd-9617-2e07d53bea6d] Try to connect to server on start up, server: {serverIp = '192.168.10.100', server main port = 8848}
11:22:57:530  INFO 9596 --- [main] com.alibaba.nacos.common.remote.client   : [c4f32f1f-662f-4acd-9617-2e07d53bea6d] Success to connect to server [192.168.10.100:8848] on start up, connectionId = 1756092177171_192.168.10.1_54696
11:22:57:531  INFO 9596 --- [com.alibaba.nacos.client.remote.worker] com.alibaba.nacos.common.remote.client   : [c4f32f1f-662f-4acd-9617-2e07d53bea6d] Notify connected event to listeners.
11:22:57:531  INFO 9596 --- [main] com.alibaba.nacos.common.remote.client   : [c4f32f1f-662f-4acd-9617-2e07d53bea6d] Register server push request handler:com.alibaba.nacos.common.remote.client.RpcClient$ConnectResetRequestHandler
11:22:57:532  INFO 9596 --- [main] com.alibaba.nacos.common.remote.client   : [c4f32f1f-662f-4acd-9617-2e07d53bea6d] Register server push request handler:com.alibaba.nacos.common.remote.client.RpcClient$$Lambda$977/0x0000000840677040
11:22:57:586  INFO 9596 --- [main] o.s.b.w.embedded.tomcat.TomcatWebServer  : Tomcat started on port(s): 8086 (http) with context path ''
11:22:57:600  INFO 9596 --- [main] c.a.c.n.registry.NacosServiceRegistry    : nacos registry, DEFAULT_GROUP pay-service 192.168.10.1:8086 register finished
11:22:57:764  INFO 9596 --- [main] d.s.w.p.DocumentationPluginsBootstrapper : Documentation plugins bootstrapped
11:22:57:767  INFO 9596 --- [main] d.s.w.p.DocumentationPluginsBootstrapper : Found 1 custom documentation plugin(s)
11:22:57:785  INFO 9596 --- [main] s.d.s.w.s.ApiListingReferenceScanner     : Scanning for api listing references
11:22:57:853  INFO 9596 --- [main] com.hmall.pay.PayApplication             : Started PayApplication in 4.948 seconds (JVM running for 5.809)
11:22:58:078  INFO 9596 --- [nacos-grpc-client-executor-10] com.alibaba.nacos.common.remote.client   : [c4f32f1f-662f-4acd-9617-2e07d53bea6d] Receive server push request, request = NotifySubscriberRequest, requestId = 1
11:22:58:080  INFO 9596 --- [nacos-grpc-client-executor-10] com.alibaba.nacos.common.remote.client   : [c4f32f1f-662f-4acd-9617-2e07d53bea6d] Ack server push request, request = NotifySubscriberRequest, requestId = 1
11:27:26:772  INFO 9596 --- [http-nio-8086-exec-1] o.a.c.c.C.[Tomcat].[localhost].[/]       : Initializing Spring DispatcherServlet 'dispatcherServlet'
11:27:26:772  INFO 9596 --- [http-nio-8086-exec-1] o.s.web.servlet.DispatcherServlet        : Initializing Servlet 'dispatcherServlet'
11:27:26:773  INFO 9596 --- [http-nio-8086-exec-1] o.s.web.servlet.DispatcherServlet        : Completed initialization in 1 ms
11:27:39:233  INFO 9596 --- [http-nio-8086-exec-9] com.zaxxer.hikari.HikariDataSource       : HikariPool-1 - Starting...
11:27:39:536  INFO 9596 --- [http-nio-8086-exec-9] com.zaxxer.hikari.HikariDataSource       : HikariPool-1 - Start completed.
11:27:39:542 DEBUG 9596 --- [http-nio-8086-exec-9] c.h.p.mapper.PayOrderMapper.selectList   : ==>  Preparing: SELECT id,biz_order_no,pay_order_no,biz_user_id,pay_channel_code,amount,pay_type,status,expand_json,result_code,result_msg,pay_success_time,pay_over_time,qr_code_url,create_time,update_time,creater,updater,is_delete FROM pay_order
11:27:39:557 DEBUG 9596 --- [http-nio-8086-exec-9] c.h.p.mapper.PayOrderMapper.selectList   : ==> Parameters: 
11:27:39:586 DEBUG 9596 --- [http-nio-8086-exec-9] c.h.p.mapper.PayOrderMapper.selectList   : <==      Total: 2
11:47:19:747  WARN 9596 --- [Thread-4] c.a.nacos.common.notify.NotifyCenter     : [NotifyCenter] Start destroying Publisher
11:47:19:747  WARN 9596 --- [Thread-7] c.a.n.common.http.HttpClientBeanHolder   : [HttpClientBeanHolder] Start destroying common HttpClient
11:47:19:747  WARN 9596 --- [Thread-4] c.a.nacos.common.notify.NotifyCenter     : [NotifyCenter] Destruction of the end
11:47:19:748  WARN 9596 --- [Thread-7] c.a.n.common.http.HttpClientBeanHolder   : [HttpClientBeanHolder] Destruction of the end
11:47:19:912  INFO 9596 --- [SpringApplicationShutdownHook] c.a.c.n.registry.NacosServiceRegistry    : De-registering from Nacos Server now...
11:47:19:914  INFO 9596 --- [SpringApplicationShutdownHook] c.a.c.n.registry.NacosServiceRegistry    : De-registration finished.
11:47:20:246  INFO 9596 --- [SpringApplicationShutdownHook] com.alibaba.nacos.common.remote.client   : Shutdown rpc client, set status to shutdown
11:47:20:246  INFO 9596 --- [SpringApplicationShutdownHook] com.alibaba.nacos.common.remote.client   : Shutdown client event executor java.util.concurrent.ScheduledThreadPoolExecutor@58fb86d8[Running, pool size = 2, active threads = 2, queued tasks = 0, completed tasks = 0]
11:47:20:246  INFO 9596 --- [SpringApplicationShutdownHook] com.alibaba.nacos.common.remote.client   : Close current connection 1756092177171_192.168.10.1_54696
11:47:20:247  INFO 9596 --- [nacos-grpc-client-executor-380] c.a.n.c.remote.client.grpc.GrpcClient    : [1756092177171_192.168.10.1_54696]Ignore complete event,isRunning:false,isAbandon=false
11:47:20:253  INFO 9596 --- [SpringApplicationShutdownHook] c.a.n.c.remote.client.grpc.GrpcClient    : Shutdown grpc executor java.util.concurrent.ThreadPoolExecutor@729e4900[Running, pool size = 4, active threads = 0, queued tasks = 0, completed tasks = 381]
11:47:20:256  INFO 9596 --- [SpringApplicationShutdownHook] com.zaxxer.hikari.HikariDataSource       : HikariPool-1 - Shutdown initiated...
11:47:20:267  INFO 9596 --- [SpringApplicationShutdownHook] com.zaxxer.hikari.HikariDataSource       : HikariPool-1 - Shutdown completed.
