17:21:20:625  INFO 15940 --- [main] com.hmall.HMallApplication               : Starting HMallApplication using Java 11.0.28 on LY with PID 15940 (D:\mycode\D3\hmall\hm-service\target\classes started by liuyang in D:\mycode\D3\hmall)
17:21:20:632 DEBUG 15940 --- [main] com.hmall.HMallApplication               : Running with Spring Boot v2.7.12, Spring v5.3.27
17:21:20:632  INFO 15940 --- [main] com.hmall.HMallApplication               : The following 1 profile is active: "local"
17:21:21:720  INFO 15940 --- [main] .s.d.r.c.RepositoryConfigurationDelegate : Multiple Spring Data modules found, entering strict repository configuration mode
17:21:21:722  INFO 15940 --- [main] .s.d.r.c.RepositoryConfigurationDelegate : Bootstrapping Spring Data Redis repositories in DEFAULT mode.
17:21:21:748  INFO 15940 --- [main] .s.d.r.c.RepositoryConfigurationDelegate : Finished Spring Data repository scanning in 11 ms. Found 0 Redis repository interfaces.
17:21:22:100  INFO 15940 --- [main] o.s.b.w.embedded.tomcat.TomcatWebServer  : Tomcat initialized with port(s): 8080 (http)
17:21:22:100  INFO 15940 --- [main] o.a.catalina.core.AprLifecycleListener   : Loaded Apache Tomcat Native library [2.0.8] using APR version [1.7.4].
17:21:22:101  INFO 15940 --- [main] o.a.catalina.core.AprLifecycleListener   : APR capabilities: IPv6 [true], sendfile [true], accept filters [false], random [true], UDS [true].
17:21:22:101  INFO 15940 --- [main] o.a.catalina.core.AprLifecycleListener   : APR/OpenSSL configuration: useAprConnector [false], useOpenSSL [true]
17:21:22:103  INFO 15940 --- [main] o.a.catalina.core.AprLifecycleListener   : OpenSSL successfully initialized [OpenSSL 3.0.14 4 Jun 2024]
17:21:22:109  INFO 15940 --- [main] o.apache.catalina.core.StandardService   : Starting service [Tomcat]
17:21:22:110  INFO 15940 --- [main] org.apache.catalina.core.StandardEngine  : Starting Servlet engine: [Apache Tomcat/9.0.75]
17:21:22:204  INFO 15940 --- [main] o.a.c.c.C.[Tomcat].[localhost].[/]       : Initializing Spring embedded WebApplicationContext
17:21:22:204  INFO 15940 --- [main] w.s.c.ServletWebServerApplicationContext : Root WebApplicationContext: initialization completed in 1540 ms
17:21:23:392  INFO 15940 --- [main] pertySourcedRequestMappingHandlerMapping : Mapped URL path [/v2/api-docs] onto method [springfox.documentation.swagger2.web.Swagger2ControllerWebMvc#getDocumentation(String, HttpServletRequest)]
17:21:23:659  INFO 15940 --- [main] o.s.b.w.embedded.tomcat.TomcatWebServer  : Tomcat started on port(s): 8080 (http) with context path ''
17:21:23:660  INFO 15940 --- [main] d.s.w.p.DocumentationPluginsBootstrapper : Documentation plugins bootstrapped
17:21:23:662  INFO 15940 --- [main] d.s.w.p.DocumentationPluginsBootstrapper : Found 1 custom documentation plugin(s)
17:21:23:681  INFO 15940 --- [main] s.d.s.w.s.ApiListingReferenceScanner     : Scanning for api listing references
17:21:23:794  INFO 15940 --- [main] com.hmall.HMallApplication               : Started HMallApplication in 3.446 seconds (JVM running for 4.023)
