11:52:56:920  INFO 17512 --- [main] com.hmall.item.itemApplication           : Starting itemApplication using Java 11.0.28 on LY with PID 17512 (D:\mycode\D3\hmall\item-service\target\classes started by liuyang in D:\mycode\D3\hmall)
11:52:56:925 DEBUG 17512 --- [main] com.hmall.item.itemApplication           : Running with Spring Boot v2.7.12, Spring v5.3.27
11:52:56:926  INFO 17512 --- [main] com.hmall.item.itemApplication           : The following 1 profile is active: "local"
11:52:57:767  INFO 17512 --- [main] o.s.b.w.embedded.tomcat.TomcatWebServer  : Tomcat initialized with port(s): 8081 (http)
11:52:57:767  INFO 17512 --- [main] o.a.catalina.core.AprLifecycleListener   : Loaded Apache Tomcat Native library [2.0.8] using APR version [1.7.4].
11:52:57:768  INFO 17512 --- [main] o.a.catalina.core.AprLifecycleListener   : APR capabilities: IPv6 [true], sendfile [true], accept filters [false], random [true], UDS [true].
11:52:57:768  INFO 17512 --- [main] o.a.catalina.core.AprLifecycleListener   : APR/OpenSSL configuration: useAprConnector [false], useOpenSSL [true]
11:52:57:771  INFO 17512 --- [main] o.a.catalina.core.AprLifecycleListener   : OpenSSL successfully initialized [OpenSSL 3.0.14 4 Jun 2024]
11:52:57:776  INFO 17512 --- [main] o.apache.catalina.core.StandardService   : Starting service [Tomcat]
11:52:57:777  INFO 17512 --- [main] org.apache.catalina.core.StandardEngine  : Starting Servlet engine: [Apache Tomcat/9.0.75]
11:52:57:858  INFO 17512 --- [main] o.a.c.c.C.[Tomcat].[localhost].[/]       : Initializing Spring embedded WebApplicationContext
11:52:57:858  INFO 17512 --- [main] w.s.c.ServletWebServerApplicationContext : Root WebApplicationContext: initialization completed in 897 ms
11:52:58:621  INFO 17512 --- [main] pertySourcedRequestMappingHandlerMapping : Mapped URL path [/v2/api-docs] onto method [springfox.documentation.swagger2.web.Swagger2ControllerWebMvc#getDocumentation(String, HttpServletRequest)]
11:52:58:688  INFO 17512 --- [main] o.s.b.w.embedded.tomcat.TomcatWebServer  : Tomcat started on port(s): 8081 (http) with context path ''
11:52:58:689  INFO 17512 --- [main] d.s.w.p.DocumentationPluginsBootstrapper : Documentation plugins bootstrapped
11:52:58:691  INFO 17512 --- [main] d.s.w.p.DocumentationPluginsBootstrapper : Found 1 custom documentation plugin(s)
11:52:58:709  INFO 17512 --- [main] s.d.s.w.s.ApiListingReferenceScanner     : Scanning for api listing references
11:52:58:797  INFO 17512 --- [main] com.hmall.item.itemApplication           : Started itemApplication in 2.154 seconds (JVM running for 2.664)
11:53:05:144  INFO 17512 --- [http-nio-8081-exec-1] o.a.c.c.C.[Tomcat].[localhost].[/]       : Initializing Spring DispatcherServlet 'dispatcherServlet'
11:53:05:144  INFO 17512 --- [http-nio-8081-exec-1] o.s.web.servlet.DispatcherServlet        : Initializing Servlet 'dispatcherServlet'
11:53:05:145  INFO 17512 --- [http-nio-8081-exec-1] o.s.web.servlet.DispatcherServlet        : Completed initialization in 1 ms
11:53:05:188  INFO 17512 --- [http-nio-8081-exec-1] com.zaxxer.hikari.HikariDataSource       : HikariPool-1 - Starting...
11:53:05:359  INFO 17512 --- [http-nio-8081-exec-1] com.zaxxer.hikari.HikariDataSource       : HikariPool-1 - Start completed.
11:53:05:365 DEBUG 17512 --- [http-nio-8081-exec-1] c.h.i.mapper.ItemMapper.selectBatchIds   : ==>  Preparing: SELECT id,name,price,stock,image,category,brand,spec,sold,comment_count,isAD,status,create_time,update_time,creater,updater FROM item WHERE id IN ( ? )
11:53:05:383 DEBUG 17512 --- [http-nio-8081-exec-1] c.h.i.mapper.ItemMapper.selectBatchIds   : ==> Parameters: 100000006163(Long)
11:53:05:412 DEBUG 17512 --- [http-nio-8081-exec-1] c.h.i.mapper.ItemMapper.selectBatchIds   : <==      Total: 1
